<?xml version="1.0" encoding="UTF-8"?>
<!-- Generated by org.testng.reporters.JUnitReportReporter -->
<testsuite hostname="LIN59016237" failures="0" tests="11" name="stepDefination.AllNopCommerceSteps" time="22.348" errors="0" timestamp="2024-03-01T20:28:38 IST" skipped="0">
  <testcase classname="stepDefination.AllNopCommerceSteps" name="user_enters_valid_username_and_password" time="1.066"/>
  <testcase classname="stepDefination.AllNopCommerceSteps" name="save_the_credentials_and_clicks_on_login_button" time="2.655"/>
  <testcase classname="stepDefination.AllNopCommerceSteps" name="user_is_navigated_to_the_dashboard_page" time="1.950"/>
  <testcase classname="stepDefination.AllNopCommerceSteps" name="click_on_sales" time="0.177"/>
  <testcase classname="stepDefination.AllNopCommerceSteps" name="click_on_ordes" time="1.278"/>
  <testcase classname="stepDefination.AllNopCommerceSteps" name="read_the_orders_table" time="2.495"/>
  <testcase classname="stepDefination.AllNopCommerceSteps" name="click_on_customers_from_dashboard" time="0.974"/>
  <testcase classname="stepDefination.AllNopCommerceSteps" name="click_on_edit_buttom_to_change_the_password_for_the_customer" time="6.430"/>
  <testcase classname="stepDefination.AllNopCommerceSteps" name="click_on_add_rewards_point" time="0.365"/>
  <testcase classname="stepDefination.AllNopCommerceSteps" name="add_the_rewards_points_to_the_customer" time="2.906"/>
  <testcase classname="stepDefination.AllNopCommerceSteps" name="read_a_table_with_added_rewards_points" time="2.052"/>
</testsuite> <!-- stepDefination.AllNopCommerceSteps -->
